<?xml version="1.0" encoding="UTF-8"?>
<coverage generated="1524535204889" clover="3.2.0">
  <project timestamp="1524535204889" name="All files">
    <metrics statements="73" coveredstatements="65" conditionals="16" coveredconditionals="12" methods="17" coveredmethods="14" elements="106" coveredelements="91" complexity="0" loc="73" ncloc="73" packages="4" files="4" classes="4">
      <package name="client">
        <metrics statements="3" coveredstatements="3" conditionals="0" coveredconditionals="0" methods="0" coveredmethods="0"/>
        <file name="setupTests.js" path="/Users/dmytromarchenko/Documents/Git/FEC/NearMe-service/client/setupTests.js">
          <metrics statements="3" coveredstatements="3" conditionals="0" coveredconditionals="0" methods="0" coveredmethods="0"/>
          <line num="1" count="2" type="stmt"/>
          <line num="2" count="2" type="stmt"/>
          <line num="3" count="2" type="stmt"/>
        </file>
      </package>
      <package name="client.components">
        <metrics statements="32" coveredstatements="26" conditionals="8" coveredconditionals="5" methods="13" coveredmethods="11"/>
        <file name="NearMe.jsx" path="/Users/dmytromarchenko/Documents/Git/FEC/NearMe-service/client/components/NearMe.jsx">
          <metrics statements="32" coveredstatements="26" conditionals="8" coveredconditionals="5" methods="13" coveredmethods="11"/>
          <line num="7" count="3" type="stmt"/>
          <line num="8" count="3" type="stmt"/>
          <line num="17" count="3" type="stmt"/>
          <line num="22" count="0" type="stmt"/>
          <line num="23" count="0" type="stmt"/>
          <line num="29" count="0" type="stmt"/>
          <line num="30" count="0" type="cond" truecount="0" falsecount="2"/>
          <line num="31" count="0" type="stmt"/>
          <line num="33" count="0" type="stmt"/>
          <line num="38" count="9" type="cond" truecount="2" falsecount="0"/>
          <line num="39" count="3" type="stmt"/>
          <line num="54" count="6" type="stmt"/>
          <line num="59" count="1" type="stmt"/>
          <line num="60" count="3" type="stmt"/>
          <line num="70" count="1" type="stmt"/>
          <line num="71" count="3" type="stmt"/>
          <line num="78" count="12" type="stmt"/>
          <line num="85" count="1" type="stmt"/>
          <line num="86" count="12" type="stmt"/>
          <line num="98" count="1" type="stmt"/>
          <line num="99" count="3" type="stmt"/>
          <line num="101" count="12" type="cond" truecount="2" falsecount="0"/>
          <line num="102" count="9" type="stmt"/>
          <line num="110" count="1" type="stmt"/>
          <line num="111" count="9" type="stmt"/>
          <line num="122" count="1" type="stmt"/>
          <line num="123" count="21" type="stmt"/>
          <line num="124" count="21" type="stmt"/>
          <line num="125" count="21" type="cond" truecount="1" falsecount="1"/>
          <line num="126" count="21" type="stmt"/>
          <line num="128" count="21" type="stmt"/>
          <line num="129" count="21" type="stmt"/>
        </file>
      </package>
      <package name="server">
        <metrics statements="30" coveredstatements="28" conditionals="8" coveredconditionals="7" methods="4" coveredmethods="3"/>
        <file name="app.js" path="/Users/dmytromarchenko/Documents/Git/FEC/NearMe-service/server/app.js">
          <metrics statements="30" coveredstatements="28" conditionals="8" coveredconditionals="7" methods="4" coveredmethods="3"/>
          <line num="1" count="1" type="stmt"/>
          <line num="2" count="1" type="stmt"/>
          <line num="3" count="1" type="stmt"/>
          <line num="4" count="1" type="stmt"/>
          <line num="5" count="1" type="cond" truecount="2" falsecount="0"/>
          <line num="6" count="1" type="stmt"/>
          <line num="8" count="1" type="stmt"/>
          <line num="10" count="1" type="stmt"/>
          <line num="11" count="5" type="stmt"/>
          <line num="12" count="5" type="stmt"/>
          <line num="13" count="5" type="stmt"/>
          <line num="14" count="5" type="stmt"/>
          <line num="15" count="5" type="stmt"/>
          <line num="16" count="5" type="stmt"/>
          <line num="17" count="15" type="cond" truecount="2" falsecount="0"/>
          <line num="18" count="5" type="stmt"/>
          <line num="19" count="5" type="stmt"/>
          <line num="22" count="5" type="stmt"/>
          <line num="23" count="5" type="stmt"/>
          <line num="24" count="5" type="cond" truecount="1" falsecount="1"/>
          <line num="25" count="5" type="stmt"/>
          <line num="26" count="25" type="cond" truecount="2" falsecount="0"/>
          <line num="27" count="5" type="stmt"/>
          <line num="28" count="5" type="stmt"/>
          <line num="33" count="5" type="stmt"/>
          <line num="38" count="1" type="stmt"/>
          <line num="39" count="0" type="stmt"/>
          <line num="41" count="0" type="stmt"/>
          <line num="43" count="1" type="stmt"/>
          <line num="45" count="1" type="stmt"/>
        </file>
      </package>
      <package name="server.db">
        <metrics statements="8" coveredstatements="8" conditionals="0" coveredconditionals="0" methods="0" coveredmethods="0"/>
        <file name="Business.js" path="/Users/dmytromarchenko/Documents/Git/FEC/NearMe-service/server/db/Business.js">
          <metrics statements="8" coveredstatements="8" conditionals="0" coveredconditionals="0" methods="0" coveredmethods="0"/>
          <line num="1" count="1" type="stmt"/>
          <line num="2" count="1" type="stmt"/>
          <line num="3" count="1" type="stmt"/>
          <line num="4" count="1" type="stmt"/>
          <line num="5" count="1" type="stmt"/>
          <line num="12" count="1" type="stmt"/>
          <line num="32" count="1" type="stmt"/>
          <line num="41" count="1" type="stmt"/>
        </file>
      </package>
    </metrics>
  </project>
</coverage>
