<?xml version="1.0" encoding="UTF-8"?>
<coverage generated="1525142376168" clover="3.2.0">
  <project timestamp="1525142376168" name="All files">
    <metrics statements="74" coveredstatements="67" conditionals="16" coveredconditionals="12" methods="17" coveredmethods="14" elements="107" coveredelements="93" complexity="0" loc="74" ncloc="74" packages="4" files="4" classes="4">
      <package name="client">
        <metrics statements="3" coveredstatements="3" conditionals="0" coveredconditionals="0" methods="0" coveredmethods="0"/>
        <file name="setupTests.js" path="/Users/dmytromarchenko/Documents/Git/FEC/NearMe-service/client/setupTests.js">
          <metrics statements="3" coveredstatements="3" conditionals="0" coveredconditionals="0" methods="0" coveredmethods="0"/>
          <line num="1" count="2" type="stmt"/>
          <line num="2" count="2" type="stmt"/>
          <line num="3" count="2" type="stmt"/>
        </file>
      </package>
      <package name="client.components">
        <metrics statements="32" coveredstatements="26" conditionals="8" coveredconditionals="5" methods="13" coveredmethods="11"/>
        <file name="NearMe.jsx" path="/Users/dmytromarchenko/Documents/Git/FEC/NearMe-service/client/components/NearMe.jsx">
          <metrics statements="32" coveredstatements="26" conditionals="8" coveredconditionals="5" methods="13" coveredmethods="11"/>
          <line num="7" count="3" type="stmt"/>
          <line num="8" count="3" type="stmt"/>
          <line num="17" count="3" type="stmt"/>
          <line num="24" count="0" type="stmt"/>
          <line num="25" count="0" type="stmt"/>
          <line num="31" count="0" type="stmt"/>
          <line num="32" count="0" type="cond" truecount="0" falsecount="2"/>
          <line num="33" count="0" type="stmt"/>
          <line num="35" count="0" type="stmt"/>
          <line num="40" count="9" type="cond" truecount="2" falsecount="0"/>
          <line num="41" count="3" type="stmt"/>
          <line num="56" count="6" type="stmt"/>
          <line num="61" count="1" type="stmt"/>
          <line num="62" count="3" type="stmt"/>
          <line num="72" count="1" type="stmt"/>
          <line num="73" count="3" type="stmt"/>
          <line num="80" count="12" type="stmt"/>
          <line num="87" count="1" type="stmt"/>
          <line num="88" count="12" type="stmt"/>
          <line num="100" count="1" type="stmt"/>
          <line num="101" count="3" type="stmt"/>
          <line num="103" count="12" type="cond" truecount="2" falsecount="0"/>
          <line num="104" count="9" type="stmt"/>
          <line num="112" count="1" type="stmt"/>
          <line num="113" count="9" type="stmt"/>
          <line num="124" count="1" type="stmt"/>
          <line num="125" count="21" type="stmt"/>
          <line num="126" count="21" type="stmt"/>
          <line num="127" count="21" type="cond" truecount="1" falsecount="1"/>
          <line num="128" count="21" type="stmt"/>
          <line num="130" count="21" type="stmt"/>
          <line num="131" count="21" type="stmt"/>
        </file>
      </package>
      <package name="server">
        <metrics statements="31" coveredstatements="30" conditionals="8" coveredconditionals="7" methods="4" coveredmethods="3"/>
        <file name="app.js" path="/Users/dmytromarchenko/Documents/Git/FEC/NearMe-service/server/app.js">
          <metrics statements="31" coveredstatements="30" conditionals="8" coveredconditionals="7" methods="4" coveredmethods="3"/>
          <line num="1" count="1" type="stmt"/>
          <line num="2" count="1" type="stmt"/>
          <line num="3" count="1" type="stmt"/>
          <line num="4" count="1" type="stmt"/>
          <line num="5" count="1" type="cond" truecount="2" falsecount="0"/>
          <line num="6" count="1" type="stmt"/>
          <line num="8" count="1" type="stmt"/>
          <line num="10" count="1" type="stmt"/>
          <line num="11" count="1" type="stmt"/>
          <line num="12" count="1" type="stmt"/>
          <line num="13" count="5" type="stmt"/>
          <line num="14" count="5" type="stmt"/>
          <line num="15" count="5" type="stmt"/>
          <line num="16" count="5" type="stmt"/>
          <line num="17" count="5" type="stmt"/>
          <line num="18" count="5" type="stmt"/>
          <line num="19" count="15" type="cond" truecount="2" falsecount="0"/>
          <line num="20" count="5" type="stmt"/>
          <line num="21" count="5" type="stmt"/>
          <line num="24" count="5" type="stmt"/>
          <line num="25" count="5" type="stmt"/>
          <line num="26" count="5" type="cond" truecount="1" falsecount="1"/>
          <line num="27" count="5" type="stmt"/>
          <line num="28" count="25" type="cond" truecount="2" falsecount="0"/>
          <line num="29" count="5" type="stmt"/>
          <line num="30" count="5" type="stmt"/>
          <line num="34" count="5" type="stmt"/>
          <line num="39" count="1" type="stmt"/>
          <line num="40" count="0" type="stmt"/>
          <line num="42" count="1" type="stmt"/>
          <line num="44" count="1" type="stmt"/>
        </file>
      </package>
      <package name="server.db">
        <metrics statements="8" coveredstatements="8" conditionals="0" coveredconditionals="0" methods="0" coveredmethods="0"/>
        <file name="Business.js" path="/Users/dmytromarchenko/Documents/Git/FEC/NearMe-service/server/db/Business.js">
          <metrics statements="8" coveredstatements="8" conditionals="0" coveredconditionals="0" methods="0" coveredmethods="0"/>
          <line num="1" count="1" type="stmt"/>
          <line num="2" count="1" type="stmt"/>
          <line num="3" count="1" type="stmt"/>
          <line num="4" count="1" type="stmt"/>
          <line num="6" count="1" type="stmt"/>
          <line num="24" count="1" type="stmt"/>
          <line num="26" count="1" type="stmt"/>
          <line num="27" count="1" type="stmt"/>
        </file>
      </package>
    </metrics>
  </project>
</coverage>
