{"/Users/dmytromarchenko/Documents/Git/FEC/NearMe-service/client/setupTests.js": {"path":"/Users/dmytromarchenko/Documents/Git/FEC/NearMe-service/client/setupTests.js","statementMap":{"0":{"start":{"line":1,"column":15},"end":{"line":1,"column":32}},"1":{"start":{"line":2,"column":22},"end":{"line":2,"column":56}},"2":{"start":{"line":3,"column":0},"end":{"line":3,"column":51}}},"fnMap":{},"branchMap":{},"s":{"0":2,"1":2,"2":2},"f":{},"b":{},"_coverageSchema":"332fd63041d2c1bcb487cc26dd0d5f7d97098a6c","hash":"f172e57b2dfb32056909d9c81dcebeb93739cca5"}
,"/Users/dmytromarchenko/Documents/Git/FEC/NearMe-service/client/components/NearMe.jsx": {"path":"/Users/dmytromarchenko/Documents/Git/FEC/NearMe-service/client/components/NearMe.jsx","statementMap":{"0":{"start":{"line":7,"column":4},"end":{"line":7,"column":12}},"1":{"start":{"line":8,"column":4},"end":{"line":13,"column":6}},"2":{"start":{"line":17,"column":4},"end":{"line":25,"column":6}},"3":{"start":{"line":22,"column":19},"end":{"line":22,"column":35}},"4":{"start":{"line":23,"column":8},"end":{"line":23,"column":72}},"5":{"start":{"line":29,"column":16},"end":{"line":29,"column":69}},"6":{"start":{"line":30,"column":4},"end":{"line":34,"column":5}},"7":{"start":{"line":31,"column":6},"end":{"line":31,"column":35}},"8":{"start":{"line":33,"column":6},"end":{"line":33,"column":35}},"9":{"start":{"line":38,"column":4},"end":{"line":55,"column":5}},"10":{"start":{"line":39,"column":6},"end":{"line":52,"column":8}},"11":{"start":{"line":54,"column":6},"end":{"line":54,"column":22}},"12":{"start":{"line":59,"column":20},"end":{"line":68,"column":1}},"13":{"start":{"line":60,"column":2},"end":{"line":67,"column":3}},"14":{"start":{"line":70,"column":27},"end":{"line":83,"column":1}},"15":{"start":{"line":71,"column":2},"end":{"line":82,"column":3}},"16":{"start":{"line":78,"column":10},"end":{"line":78,"column":64}},"17":{"start":{"line":85,"column":24},"end":{"line":96,"column":1}},"18":{"start":{"line":86,"column":2},"end":{"line":95,"column":3}},"19":{"start":{"line":98,"column":19},"end":{"line":108,"column":1}},"20":{"start":{"line":99,"column":2},"end":{"line":107,"column":7}},"21":{"start":{"line":101,"column":6},"end":{"line":105,"column":7}},"22":{"start":{"line":102,"column":8},"end":{"line":104,"column":9}},"23":{"start":{"line":110,"column":23},"end":{"line":120,"column":1}},"24":{"start":{"line":111,"column":2},"end":{"line":119,"column":7}},"25":{"start":{"line":122,"column":22},"end":{"line":135,"column":1}},"26":{"start":{"line":123,"column":15},"end":{"line":123,"column":27}},"27":{"start":{"line":124,"column":21},"end":{"line":124,"column":25}},"28":{"start":{"line":125,"column":2},"end":{"line":127,"column":3}},"29":{"start":{"line":126,"column":4},"end":{"line":126,"column":46}},"30":{"start":{"line":128,"column":19},"end":{"line":128,"column":39}},"31":{"start":{"line":129,"column":2},"end":{"line":134,"column":3}}},"fnMap":{"0":{"name":"(anonymous_0)","decl":{"start":{"line":6,"column":2},"end":{"line":6,"column":3}},"loc":{"start":{"line":6,"column":16},"end":{"line":14,"column":3}},"line":6},"1":{"name":"(anonymous_1)","decl":{"start":{"line":16,"column":2},"end":{"line":16,"column":3}},"loc":{"start":{"line":16,"column":21},"end":{"line":26,"column":3}},"line":16},"2":{"name":"(anonymous_2)","decl":{"start":{"line":21,"column":15},"end":{"line":21,"column":16}},"loc":{"start":{"line":21,"column":25},"end":{"line":24,"column":7}},"line":21},"3":{"name":"(anonymous_3)","decl":{"start":{"line":28,"column":2},"end":{"line":28,"column":3}},"loc":{"start":{"line":28,"column":15},"end":{"line":35,"column":3}},"line":28},"4":{"name":"(anonymous_4)","decl":{"start":{"line":37,"column":2},"end":{"line":37,"column":3}},"loc":{"start":{"line":37,"column":11},"end":{"line":56,"column":3}},"line":37},"5":{"name":"(anonymous_5)","decl":{"start":{"line":59,"column":20},"end":{"line":59,"column":21}},"loc":{"start":{"line":59,"column":31},"end":{"line":68,"column":1}},"line":59},"6":{"name":"(anonymous_6)","decl":{"start":{"line":70,"column":27},"end":{"line":70,"column":28}},"loc":{"start":{"line":70,"column":38},"end":{"line":83,"column":1}},"line":70},"7":{"name":"(anonymous_7)","decl":{"start":{"line":77,"column":26},"end":{"line":77,"column":27}},"loc":{"start":{"line":78,"column":10},"end":{"line":78,"column":64}},"line":78},"8":{"name":"(anonymous_8)","decl":{"start":{"line":85,"column":24},"end":{"line":85,"column":25}},"loc":{"start":{"line":85,"column":35},"end":{"line":96,"column":1}},"line":85},"9":{"name":"(anonymous_9)","decl":{"start":{"line":98,"column":19},"end":{"line":98,"column":20}},"loc":{"start":{"line":99,"column":2},"end":{"line":107,"column":7}},"line":99},"10":{"name":"(anonymous_10)","decl":{"start":{"line":100,"column":22},"end":{"line":100,"column":23}},"loc":{"start":{"line":100,"column":45},"end":{"line":106,"column":5}},"line":100},"11":{"name":"(anonymous_11)","decl":{"start":{"line":110,"column":23},"end":{"line":110,"column":24}},"loc":{"start":{"line":111,"column":2},"end":{"line":119,"column":7}},"line":111},"12":{"name":"(anonymous_12)","decl":{"start":{"line":122,"column":22},"end":{"line":122,"column":23}},"loc":{"start":{"line":122,"column":33},"end":{"line":135,"column":1}},"line":122}},"branchMap":{"0":{"loc":{"start":{"line":30,"column":4},"end":{"line":34,"column":5}},"type":"if","locations":[{"start":{"line":30,"column":4},"end":{"line":34,"column":5}},{"start":{"line":30,"column":4},"end":{"line":34,"column":5}}],"line":30},"1":{"loc":{"start":{"line":38,"column":4},"end":{"line":55,"column":5}},"type":"if","locations":[{"start":{"line":38,"column":4},"end":{"line":55,"column":5}},{"start":{"line":38,"column":4},"end":{"line":55,"column":5}}],"line":38},"2":{"loc":{"start":{"line":101,"column":6},"end":{"line":105,"column":7}},"type":"if","locations":[{"start":{"line":101,"column":6},"end":{"line":105,"column":7}},{"start":{"line":101,"column":6},"end":{"line":105,"column":7}}],"line":101},"3":{"loc":{"start":{"line":125,"column":2},"end":{"line":127,"column":3}},"type":"if","locations":[{"start":{"line":125,"column":2},"end":{"line":127,"column":3}},{"start":{"line":125,"column":2},"end":{"line":127,"column":3}}],"line":125}},"s":{"0":3,"1":3,"2":3,"3":0,"4":0,"5":0,"6":0,"7":0,"8":0,"9":9,"10":3,"11":6,"12":1,"13":3,"14":1,"15":3,"16":12,"17":1,"18":12,"19":1,"20":3,"21":12,"22":9,"23":1,"24":9,"25":1,"26":21,"27":21,"28":21,"29":21,"30":21,"31":21},"f":{"0":3,"1":3,"2":0,"3":0,"4":9,"5":3,"6":3,"7":12,"8":12,"9":3,"10":12,"11":9,"12":21},"b":{"0":[0,0],"1":[3,6],"2":[9,3],"3":[21,0]},"_coverageSchema":"332fd63041d2c1bcb487cc26dd0d5f7d97098a6c","hash":"814dc7004aa5cccf8559093747adee060c581658"}
,"/Users/dmytromarchenko/Documents/Git/FEC/NearMe-service/server/app.js": {"path":"/Users/dmytromarchenko/Documents/Git/FEC/NearMe-service/server/app.js","statementMap":{"0":{"start":{"line":1,"column":16},"end":{"line":1,"column":34}},"1":{"start":{"line":2,"column":15},"end":{"line":2,"column":32}},"2":{"start":{"line":3,"column":13},"end":{"line":3,"column":28}},"3":{"start":{"line":4,"column":12},"end":{"line":4,"column":21}},"4":{"start":{"line":5,"column":13},"end":{"line":5,"column":37}},"5":{"start":{"line":6,"column":17},"end":{"line":6,"column":44}},"6":{"start":{"line":8,"column":0},"end":{"line":8,"column":23}},"7":{"start":{"line":10,"column":0},"end":{"line":36,"column":2}},"8":{"start":{"line":11,"column":20},"end":{"line":11,"column":45}},"9":{"start":{"line":12,"column":14},"end":{"line":12,"column":54}},"10":{"start":{"line":13,"column":2},"end":{"line":35,"column":4}},"11":{"start":{"line":14,"column":27},"end":{"line":14,"column":40}},"12":{"start":{"line":15,"column":22},"end":{"line":15,"column":46}},"13":{"start":{"line":16,"column":4},"end":{"line":21,"column":5}},"14":{"start":{"line":17,"column":6},"end":{"line":20,"column":7}},"15":{"start":{"line":18,"column":8},"end":{"line":18,"column":33}},"16":{"start":{"line":19,"column":8},"end":{"line":19,"column":12}},"17":{"start":{"line":22,"column":16},"end":{"line":22,"column":61}},"18":{"start":{"line":23,"column":4},"end":{"line":34,"column":6}},"19":{"start":{"line":24,"column":6},"end":{"line":31,"column":7}},"20":{"start":{"line":25,"column":8},"end":{"line":30,"column":9}},"21":{"start":{"line":26,"column":10},"end":{"line":29,"column":11}},"22":{"start":{"line":27,"column":12},"end":{"line":27,"column":36}},"23":{"start":{"line":28,"column":12},"end":{"line":28,"column":16}},"24":{"start":{"line":33,"column":6},"end":{"line":33,"column":62}},"25":{"start":{"line":38,"column":0},"end":{"line":42,"column":2}},"26":{"start":{"line":39,"column":20},"end":{"line":39,"column":42}},"27":{"start":{"line":41,"column":2},"end":{"line":41,"column":50}},"28":{"start":{"line":43,"column":0},"end":{"line":43,"column":60}},"29":{"start":{"line":45,"column":0},"end":{"line":45,"column":21}}},"fnMap":{"0":{"name":"(anonymous_0)","decl":{"start":{"line":10,"column":20},"end":{"line":10,"column":21}},"loc":{"start":{"line":10,"column":34},"end":{"line":36,"column":1}},"line":10},"1":{"name":"(anonymous_1)","decl":{"start":{"line":13,"column":13},"end":{"line":13,"column":14}},"loc":{"start":{"line":13,"column":34},"end":{"line":35,"column":3}},"line":13},"2":{"name":"(anonymous_2)","decl":{"start":{"line":23,"column":15},"end":{"line":23,"column":16}},"loc":{"start":{"line":23,"column":36},"end":{"line":34,"column":5}},"line":23},"3":{"name":"(anonymous_3)","decl":{"start":{"line":38,"column":20},"end":{"line":38,"column":21}},"loc":{"start":{"line":38,"column":34},"end":{"line":42,"column":1}},"line":38}},"branchMap":{"0":{"loc":{"start":{"line":5,"column":13},"end":{"line":5,"column":37}},"type":"binary-expr","locations":[{"start":{"line":5,"column":13},"end":{"line":5,"column":29}},{"start":{"line":5,"column":33},"end":{"line":5,"column":37}}],"line":5},"1":{"loc":{"start":{"line":17,"column":6},"end":{"line":20,"column":7}},"type":"if","locations":[{"start":{"line":17,"column":6},"end":{"line":20,"column":7}},{"start":{"line":17,"column":6},"end":{"line":20,"column":7}}],"line":17},"2":{"loc":{"start":{"line":24,"column":6},"end":{"line":31,"column":7}},"type":"if","locations":[{"start":{"line":24,"column":6},"end":{"line":31,"column":7}},{"start":{"line":24,"column":6},"end":{"line":31,"column":7}}],"line":24},"3":{"loc":{"start":{"line":26,"column":10},"end":{"line":29,"column":11}},"type":"if","locations":[{"start":{"line":26,"column":10},"end":{"line":29,"column":11}},{"start":{"line":26,"column":10},"end":{"line":29,"column":11}}],"line":26}},"s":{"0":1,"1":1,"2":1,"3":1,"4":1,"5":1,"6":1,"7":1,"8":5,"9":5,"10":5,"11":5,"12":5,"13":5,"14":15,"15":5,"16":5,"17":5,"18":5,"19":5,"20":5,"21":25,"22":5,"23":5,"24":5,"25":1,"26":0,"27":0,"28":1,"29":1},"f":{"0":5,"1":5,"2":5,"3":0},"b":{"0":[1,1],"1":[5,10],"2":[5,0],"3":[5,20]},"_coverageSchema":"332fd63041d2c1bcb487cc26dd0d5f7d97098a6c","hash":"b9d4d4ffd09fa26b8f2d83b5ec1c6234971b4231"}
,"/Users/dmytromarchenko/Documents/Git/FEC/NearMe-service/server/db/Business.js": {"path":"/Users/dmytromarchenko/Documents/Git/FEC/NearMe-service/server/db/Business.js","statementMap":{"0":{"start":{"line":1,"column":17},"end":{"line":1,"column":36}},"1":{"start":{"line":2,"column":0},"end":{"line":2,"column":34}},"2":{"start":{"line":3,"column":17},"end":{"line":3,"column":53}},"3":{"start":{"line":4,"column":11},"end":{"line":4,"column":37}},"4":{"start":{"line":5,"column":20},"end":{"line":5,"column":75}},"5":{"start":{"line":12,"column":23},"end":{"line":28,"column":2}},"6":{"start":{"line":32,"column":17},"end":{"line":32,"column":59}},"7":{"start":{"line":41,"column":0},"end":{"line":41,"column":26}}},"fnMap":{},"branchMap":{},"s":{"0":1,"1":1,"2":1,"3":1,"4":1,"5":1,"6":1,"7":1},"f":{},"b":{},"_coverageSchema":"332fd63041d2c1bcb487cc26dd0d5f7d97098a6c","hash":"32c4b71cc3bdc44ad2ec71820ec52da53bef8398"}
}
