{"/Users/dmytromarchenko/Documents/Git/FEC/NearMe-service/client/setupTests.js": {"path":"/Users/dmytromarchenko/Documents/Git/FEC/NearMe-service/client/setupTests.js","statementMap":{"0":{"start":{"line":1,"column":15},"end":{"line":1,"column":32}},"1":{"start":{"line":2,"column":22},"end":{"line":2,"column":56}},"2":{"start":{"line":3,"column":0},"end":{"line":3,"column":51}}},"fnMap":{},"branchMap":{},"s":{"0":2,"1":2,"2":2},"f":{},"b":{},"_coverageSchema":"332fd63041d2c1bcb487cc26dd0d5f7d97098a6c","hash":"f172e57b2dfb32056909d9c81dcebeb93739cca5"}
,"/Users/dmytromarchenko/Documents/Git/FEC/NearMe-service/client/components/NearMe.jsx": {"path":"/Users/dmytromarchenko/Documents/Git/FEC/NearMe-service/client/components/NearMe.jsx","statementMap":{"0":{"start":{"line":7,"column":4},"end":{"line":7,"column":12}},"1":{"start":{"line":8,"column":4},"end":{"line":13,"column":6}},"2":{"start":{"line":17,"column":4},"end":{"line":27,"column":6}},"3":{"start":{"line":24,"column":19},"end":{"line":24,"column":35}},"4":{"start":{"line":25,"column":8},"end":{"line":25,"column":72}},"5":{"start":{"line":31,"column":16},"end":{"line":31,"column":69}},"6":{"start":{"line":32,"column":4},"end":{"line":36,"column":5}},"7":{"start":{"line":33,"column":6},"end":{"line":33,"column":35}},"8":{"start":{"line":35,"column":6},"end":{"line":35,"column":35}},"9":{"start":{"line":40,"column":4},"end":{"line":57,"column":5}},"10":{"start":{"line":41,"column":6},"end":{"line":54,"column":8}},"11":{"start":{"line":56,"column":6},"end":{"line":56,"column":22}},"12":{"start":{"line":61,"column":20},"end":{"line":70,"column":1}},"13":{"start":{"line":62,"column":2},"end":{"line":69,"column":3}},"14":{"start":{"line":72,"column":27},"end":{"line":85,"column":1}},"15":{"start":{"line":73,"column":2},"end":{"line":84,"column":3}},"16":{"start":{"line":80,"column":10},"end":{"line":80,"column":82}},"17":{"start":{"line":87,"column":24},"end":{"line":98,"column":1}},"18":{"start":{"line":88,"column":2},"end":{"line":97,"column":3}},"19":{"start":{"line":100,"column":19},"end":{"line":110,"column":1}},"20":{"start":{"line":101,"column":2},"end":{"line":109,"column":7}},"21":{"start":{"line":103,"column":6},"end":{"line":107,"column":7}},"22":{"start":{"line":104,"column":8},"end":{"line":106,"column":9}},"23":{"start":{"line":112,"column":23},"end":{"line":122,"column":1}},"24":{"start":{"line":113,"column":2},"end":{"line":121,"column":7}},"25":{"start":{"line":124,"column":22},"end":{"line":137,"column":1}},"26":{"start":{"line":125,"column":15},"end":{"line":125,"column":27}},"27":{"start":{"line":126,"column":21},"end":{"line":126,"column":25}},"28":{"start":{"line":127,"column":2},"end":{"line":129,"column":3}},"29":{"start":{"line":128,"column":4},"end":{"line":128,"column":46}},"30":{"start":{"line":130,"column":19},"end":{"line":130,"column":39}},"31":{"start":{"line":131,"column":2},"end":{"line":136,"column":3}}},"fnMap":{"0":{"name":"(anonymous_0)","decl":{"start":{"line":6,"column":2},"end":{"line":6,"column":3}},"loc":{"start":{"line":6,"column":16},"end":{"line":14,"column":3}},"line":6},"1":{"name":"(anonymous_1)","decl":{"start":{"line":16,"column":2},"end":{"line":16,"column":3}},"loc":{"start":{"line":16,"column":21},"end":{"line":28,"column":3}},"line":16},"2":{"name":"(anonymous_2)","decl":{"start":{"line":23,"column":15},"end":{"line":23,"column":16}},"loc":{"start":{"line":23,"column":25},"end":{"line":26,"column":7}},"line":23},"3":{"name":"(anonymous_3)","decl":{"start":{"line":30,"column":2},"end":{"line":30,"column":3}},"loc":{"start":{"line":30,"column":15},"end":{"line":37,"column":3}},"line":30},"4":{"name":"(anonymous_4)","decl":{"start":{"line":39,"column":2},"end":{"line":39,"column":3}},"loc":{"start":{"line":39,"column":11},"end":{"line":58,"column":3}},"line":39},"5":{"name":"(anonymous_5)","decl":{"start":{"line":61,"column":20},"end":{"line":61,"column":21}},"loc":{"start":{"line":61,"column":31},"end":{"line":70,"column":1}},"line":61},"6":{"name":"(anonymous_6)","decl":{"start":{"line":72,"column":27},"end":{"line":72,"column":28}},"loc":{"start":{"line":72,"column":38},"end":{"line":85,"column":1}},"line":72},"7":{"name":"(anonymous_7)","decl":{"start":{"line":79,"column":26},"end":{"line":79,"column":27}},"loc":{"start":{"line":80,"column":10},"end":{"line":80,"column":82}},"line":80},"8":{"name":"(anonymous_8)","decl":{"start":{"line":87,"column":24},"end":{"line":87,"column":25}},"loc":{"start":{"line":87,"column":35},"end":{"line":98,"column":1}},"line":87},"9":{"name":"(anonymous_9)","decl":{"start":{"line":100,"column":19},"end":{"line":100,"column":20}},"loc":{"start":{"line":101,"column":2},"end":{"line":109,"column":7}},"line":101},"10":{"name":"(anonymous_10)","decl":{"start":{"line":102,"column":22},"end":{"line":102,"column":23}},"loc":{"start":{"line":102,"column":45},"end":{"line":108,"column":5}},"line":102},"11":{"name":"(anonymous_11)","decl":{"start":{"line":112,"column":23},"end":{"line":112,"column":24}},"loc":{"start":{"line":113,"column":2},"end":{"line":121,"column":7}},"line":113},"12":{"name":"(anonymous_12)","decl":{"start":{"line":124,"column":22},"end":{"line":124,"column":23}},"loc":{"start":{"line":124,"column":33},"end":{"line":137,"column":1}},"line":124}},"branchMap":{"0":{"loc":{"start":{"line":32,"column":4},"end":{"line":36,"column":5}},"type":"if","locations":[{"start":{"line":32,"column":4},"end":{"line":36,"column":5}},{"start":{"line":32,"column":4},"end":{"line":36,"column":5}}],"line":32},"1":{"loc":{"start":{"line":40,"column":4},"end":{"line":57,"column":5}},"type":"if","locations":[{"start":{"line":40,"column":4},"end":{"line":57,"column":5}},{"start":{"line":40,"column":4},"end":{"line":57,"column":5}}],"line":40},"2":{"loc":{"start":{"line":103,"column":6},"end":{"line":107,"column":7}},"type":"if","locations":[{"start":{"line":103,"column":6},"end":{"line":107,"column":7}},{"start":{"line":103,"column":6},"end":{"line":107,"column":7}}],"line":103},"3":{"loc":{"start":{"line":127,"column":2},"end":{"line":129,"column":3}},"type":"if","locations":[{"start":{"line":127,"column":2},"end":{"line":129,"column":3}},{"start":{"line":127,"column":2},"end":{"line":129,"column":3}}],"line":127}},"s":{"0":3,"1":3,"2":3,"3":0,"4":0,"5":0,"6":0,"7":0,"8":0,"9":9,"10":3,"11":6,"12":1,"13":3,"14":1,"15":3,"16":12,"17":1,"18":12,"19":1,"20":3,"21":12,"22":9,"23":1,"24":9,"25":1,"26":21,"27":21,"28":21,"29":21,"30":21,"31":21},"f":{"0":3,"1":3,"2":0,"3":0,"4":9,"5":3,"6":3,"7":12,"8":12,"9":3,"10":12,"11":9,"12":21},"b":{"0":[0,0],"1":[3,6],"2":[9,3],"3":[21,0]},"_coverageSchema":"332fd63041d2c1bcb487cc26dd0d5f7d97098a6c","hash":"1de6620f4c0a66ba620265b0d3c606c11e7cd927"}
,"/Users/dmytromarchenko/Documents/Git/FEC/NearMe-service/server/app.js": {"path":"/Users/dmytromarchenko/Documents/Git/FEC/NearMe-service/server/app.js","statementMap":{"0":{"start":{"line":1,"column":16},"end":{"line":1,"column":34}},"1":{"start":{"line":2,"column":15},"end":{"line":2,"column":32}},"2":{"start":{"line":3,"column":13},"end":{"line":3,"column":28}},"3":{"start":{"line":4,"column":12},"end":{"line":4,"column":21}},"4":{"start":{"line":5,"column":13},"end":{"line":5,"column":37}},"5":{"start":{"line":6,"column":17},"end":{"line":6,"column":53}},"6":{"start":{"line":8,"column":13},"end":{"line":8,"column":28}},"7":{"start":{"line":10,"column":0},"end":{"line":10,"column":23}},"8":{"start":{"line":11,"column":0},"end":{"line":11,"column":30}},"9":{"start":{"line":12,"column":0},"end":{"line":37,"column":2}},"10":{"start":{"line":13,"column":20},"end":{"line":13,"column":33}},"11":{"start":{"line":14,"column":14},"end":{"line":14,"column":54}},"12":{"start":{"line":15,"column":2},"end":{"line":36,"column":4}},"13":{"start":{"line":16,"column":27},"end":{"line":16,"column":40}},"14":{"start":{"line":17,"column":22},"end":{"line":17,"column":46}},"15":{"start":{"line":18,"column":4},"end":{"line":23,"column":5}},"16":{"start":{"line":19,"column":6},"end":{"line":22,"column":7}},"17":{"start":{"line":20,"column":8},"end":{"line":20,"column":33}},"18":{"start":{"line":21,"column":8},"end":{"line":21,"column":12}},"19":{"start":{"line":24,"column":16},"end":{"line":24,"column":61}},"20":{"start":{"line":25,"column":4},"end":{"line":35,"column":6}},"21":{"start":{"line":26,"column":6},"end":{"line":33,"column":7}},"22":{"start":{"line":27,"column":8},"end":{"line":32,"column":9}},"23":{"start":{"line":28,"column":10},"end":{"line":31,"column":11}},"24":{"start":{"line":29,"column":12},"end":{"line":29,"column":36}},"25":{"start":{"line":30,"column":12},"end":{"line":30,"column":16}},"26":{"start":{"line":34,"column":6},"end":{"line":34,"column":62}},"27":{"start":{"line":39,"column":0},"end":{"line":41,"column":2}},"28":{"start":{"line":40,"column":2},"end":{"line":40,"column":50}},"29":{"start":{"line":42,"column":0},"end":{"line":42,"column":60}},"30":{"start":{"line":44,"column":0},"end":{"line":44,"column":21}}},"fnMap":{"0":{"name":"(anonymous_0)","decl":{"start":{"line":12,"column":20},"end":{"line":12,"column":21}},"loc":{"start":{"line":12,"column":34},"end":{"line":37,"column":1}},"line":12},"1":{"name":"(anonymous_1)","decl":{"start":{"line":15,"column":13},"end":{"line":15,"column":14}},"loc":{"start":{"line":15,"column":34},"end":{"line":36,"column":3}},"line":15},"2":{"name":"(anonymous_2)","decl":{"start":{"line":25,"column":15},"end":{"line":25,"column":16}},"loc":{"start":{"line":25,"column":36},"end":{"line":35,"column":5}},"line":25},"3":{"name":"(anonymous_3)","decl":{"start":{"line":39,"column":20},"end":{"line":39,"column":21}},"loc":{"start":{"line":39,"column":34},"end":{"line":41,"column":1}},"line":39}},"branchMap":{"0":{"loc":{"start":{"line":5,"column":13},"end":{"line":5,"column":37}},"type":"binary-expr","locations":[{"start":{"line":5,"column":13},"end":{"line":5,"column":29}},{"start":{"line":5,"column":33},"end":{"line":5,"column":37}}],"line":5},"1":{"loc":{"start":{"line":19,"column":6},"end":{"line":22,"column":7}},"type":"if","locations":[{"start":{"line":19,"column":6},"end":{"line":22,"column":7}},{"start":{"line":19,"column":6},"end":{"line":22,"column":7}}],"line":19},"2":{"loc":{"start":{"line":26,"column":6},"end":{"line":33,"column":7}},"type":"if","locations":[{"start":{"line":26,"column":6},"end":{"line":33,"column":7}},{"start":{"line":26,"column":6},"end":{"line":33,"column":7}}],"line":26},"3":{"loc":{"start":{"line":28,"column":10},"end":{"line":31,"column":11}},"type":"if","locations":[{"start":{"line":28,"column":10},"end":{"line":31,"column":11}},{"start":{"line":28,"column":10},"end":{"line":31,"column":11}}],"line":28}},"s":{"0":1,"1":1,"2":1,"3":1,"4":1,"5":1,"6":1,"7":1,"8":1,"9":1,"10":5,"11":5,"12":5,"13":5,"14":5,"15":5,"16":15,"17":5,"18":5,"19":5,"20":5,"21":5,"22":5,"23":25,"24":5,"25":5,"26":5,"27":1,"28":0,"29":1,"30":1},"f":{"0":5,"1":5,"2":5,"3":0},"b":{"0":[1,1],"1":[5,10],"2":[5,0],"3":[5,20]},"_coverageSchema":"332fd63041d2c1bcb487cc26dd0d5f7d97098a6c","hash":"942a3828f61634ee11f491eec4046e199decb1e4"}
,"/Users/dmytromarchenko/Documents/Git/FEC/NearMe-service/server/db/Business.js": {"path":"/Users/dmytromarchenko/Documents/Git/FEC/NearMe-service/server/db/Business.js","statementMap":{"0":{"start":{"line":1,"column":17},"end":{"line":1,"column":36}},"1":{"start":{"line":2,"column":0},"end":{"line":2,"column":34}},"2":{"start":{"line":3,"column":17},"end":{"line":3,"column":47}},"3":{"start":{"line":4,"column":11},"end":{"line":4,"column":37}},"4":{"start":{"line":6,"column":23},"end":{"line":22,"column":2}},"5":{"start":{"line":24,"column":17},"end":{"line":24,"column":59}},"6":{"start":{"line":26,"column":0},"end":{"line":26,"column":35}},"7":{"start":{"line":27,"column":0},"end":{"line":27,"column":23}}},"fnMap":{},"branchMap":{},"s":{"0":1,"1":1,"2":1,"3":1,"4":1,"5":1,"6":1,"7":1},"f":{},"b":{},"_coverageSchema":"332fd63041d2c1bcb487cc26dd0d5f7d97098a6c","hash":"b532624093978a9ef8d7d0301753e5763e35b753"}
}
