TN:
SF:/Users/dmytromarchenko/Documents/Git/FEC/NearMe-service/client/setupTests.js
FNF:0
FNH:0
DA:1,2
DA:2,2
DA:3,2
LF:3
LH:3
BRF:0
BRH:0
end_of_record
TN:
SF:/Users/dmytromarchenko/Documents/Git/FEC/NearMe-service/client/components/NearMe.jsx
FN:6,(anonymous_0)
FN:16,(anonymous_1)
FN:21,(anonymous_2)
FN:28,(anonymous_3)
FN:37,(anonymous_4)
FN:59,(anonymous_5)
FN:70,(anonymous_6)
FN:77,(anonymous_7)
FN:85,(anonymous_8)
FN:98,(anonymous_9)
FN:100,(anonymous_10)
FN:110,(anonymous_11)
FN:122,(anonymous_12)
FNF:13
FNH:11
FNDA:3,(anonymous_0)
FNDA:3,(anonymous_1)
FNDA:0,(anonymous_2)
FNDA:0,(anonymous_3)
FNDA:9,(anonymous_4)
FNDA:3,(anonymous_5)
FNDA:3,(anonymous_6)
FNDA:12,(anonymous_7)
FNDA:12,(anonymous_8)
FNDA:3,(anonymous_9)
FNDA:12,(anonymous_10)
FNDA:9,(anonymous_11)
FNDA:21,(anonymous_12)
DA:7,3
DA:8,3
DA:17,3
DA:22,0
DA:23,0
DA:29,0
DA:30,0
DA:31,0
DA:33,0
DA:38,9
DA:39,3
DA:54,6
DA:59,1
DA:60,3
DA:70,1
DA:71,3
DA:78,12
DA:85,1
DA:86,12
DA:98,1
DA:99,3
DA:101,12
DA:102,9
DA:110,1
DA:111,9
DA:122,1
DA:123,21
DA:124,21
DA:125,21
DA:126,21
DA:128,21
DA:129,21
LF:32
LH:26
BRDA:30,0,0,0
BRDA:30,0,1,0
BRDA:38,1,0,3
BRDA:38,1,1,6
BRDA:101,2,0,9
BRDA:101,2,1,3
BRDA:125,3,0,21
BRDA:125,3,1,0
BRF:8
BRH:5
end_of_record
TN:
SF:/Users/dmytromarchenko/Documents/Git/FEC/NearMe-service/server/app.js
FN:10,(anonymous_0)
FN:13,(anonymous_1)
FN:23,(anonymous_2)
FN:38,(anonymous_3)
FNF:4
FNH:3
FNDA:5,(anonymous_0)
FNDA:5,(anonymous_1)
FNDA:5,(anonymous_2)
FNDA:0,(anonymous_3)
DA:1,1
DA:2,1
DA:3,1
DA:4,1
DA:5,1
DA:6,1
DA:8,1
DA:10,1
DA:11,5
DA:12,5
DA:13,5
DA:14,5
DA:15,5
DA:16,5
DA:17,15
DA:18,5
DA:19,5
DA:22,5
DA:23,5
DA:24,5
DA:25,5
DA:26,25
DA:27,5
DA:28,5
DA:33,5
DA:38,1
DA:39,0
DA:41,0
DA:43,1
DA:45,1
LF:30
LH:28
BRDA:5,0,0,1
BRDA:5,0,1,1
BRDA:17,1,0,5
BRDA:17,1,1,10
BRDA:24,2,0,5
BRDA:24,2,1,0
BRDA:26,3,0,5
BRDA:26,3,1,20
BRF:8
BRH:7
end_of_record
TN:
SF:/Users/dmytromarchenko/Documents/Git/FEC/NearMe-service/server/db/Business.js
FNF:0
FNH:0
DA:1,1
DA:2,1
DA:3,1
DA:4,1
DA:5,1
DA:12,1
DA:32,1
DA:41,1
LF:8
LH:8
BRF:0
BRH:0
end_of_record
