TN:
SF:/Users/dmytromarchenko/Documents/Git/FEC/NearMe-service/client/setupTests.js
FNF:0
FNH:0
DA:1,2
DA:2,2
DA:3,2
LF:3
LH:3
BRF:0
BRH:0
end_of_record
TN:
SF:/Users/dmytromarchenko/Documents/Git/FEC/NearMe-service/client/components/NearMe.jsx
FN:6,(anonymous_0)
FN:16,(anonymous_1)
FN:23,(anonymous_2)
FN:30,(anonymous_3)
FN:39,(anonymous_4)
FN:61,(anonymous_5)
FN:72,(anonymous_6)
FN:79,(anonymous_7)
FN:87,(anonymous_8)
FN:100,(anonymous_9)
FN:102,(anonymous_10)
FN:112,(anonymous_11)
FN:124,(anonymous_12)
FNF:13
FNH:11
FNDA:3,(anonymous_0)
FNDA:3,(anonymous_1)
FNDA:0,(anonymous_2)
FNDA:0,(anonymous_3)
FNDA:9,(anonymous_4)
FNDA:3,(anonymous_5)
FNDA:3,(anonymous_6)
FNDA:12,(anonymous_7)
FNDA:12,(anonymous_8)
FNDA:3,(anonymous_9)
FNDA:12,(anonymous_10)
FNDA:9,(anonymous_11)
FNDA:21,(anonymous_12)
DA:7,3
DA:8,3
DA:17,3
DA:24,0
DA:25,0
DA:31,0
DA:32,0
DA:33,0
DA:35,0
DA:40,9
DA:41,3
DA:56,6
DA:61,1
DA:62,3
DA:72,1
DA:73,3
DA:80,12
DA:87,1
DA:88,12
DA:100,1
DA:101,3
DA:103,12
DA:104,9
DA:112,1
DA:113,9
DA:124,1
DA:125,21
DA:126,21
DA:127,21
DA:128,21
DA:130,21
DA:131,21
LF:32
LH:26
BRDA:32,0,0,0
BRDA:32,0,1,0
BRDA:40,1,0,3
BRDA:40,1,1,6
BRDA:103,2,0,9
BRDA:103,2,1,3
BRDA:127,3,0,21
BRDA:127,3,1,0
BRF:8
BRH:5
end_of_record
TN:
SF:/Users/dmytromarchenko/Documents/Git/FEC/NearMe-service/server/app.js
FN:12,(anonymous_0)
FN:15,(anonymous_1)
FN:25,(anonymous_2)
FN:39,(anonymous_3)
FNF:4
FNH:3
FNDA:5,(anonymous_0)
FNDA:5,(anonymous_1)
FNDA:5,(anonymous_2)
FNDA:0,(anonymous_3)
DA:1,1
DA:2,1
DA:3,1
DA:4,1
DA:5,1
DA:6,1
DA:8,1
DA:10,1
DA:11,1
DA:12,1
DA:13,5
DA:14,5
DA:15,5
DA:16,5
DA:17,5
DA:18,5
DA:19,15
DA:20,5
DA:21,5
DA:24,5
DA:25,5
DA:26,5
DA:27,5
DA:28,25
DA:29,5
DA:30,5
DA:34,5
DA:39,1
DA:40,0
DA:42,1
DA:44,1
LF:31
LH:30
BRDA:5,0,0,1
BRDA:5,0,1,1
BRDA:19,1,0,5
BRDA:19,1,1,10
BRDA:26,2,0,5
BRDA:26,2,1,0
BRDA:28,3,0,5
BRDA:28,3,1,20
BRF:8
BRH:7
end_of_record
TN:
SF:/Users/dmytromarchenko/Documents/Git/FEC/NearMe-service/server/db/Business.js
FNF:0
FNH:0
DA:1,1
DA:2,1
DA:3,1
DA:4,1
DA:6,1
DA:24,1
DA:26,1
DA:27,1
LF:8
LH:8
BRF:0
BRH:0
end_of_record
